<?xml version="1.0" encoding="UTF-8"?>
<!-- Generated by org.testng.reporters.JUnitXMLReporter -->
<testsuite hostname="Deepaks-MacBook-Pro-3.local" name="Default test" tests="6" failures="0" timestamp="19 Aug 2016 03:34:39 GMT" time="10.735" errors="0">
  <testcase name="verifyMobileApp" time="0.103" classname="com.app.testGuru.first.SortWebElements"/>
  <testcase name="testMobilePage" time="2.251" classname="com.app.testGuru.first.SortWebElements"/>
  <testcase name="pageSortByName" time="0.386" classname="com.app.testGuru.first.SortWebElements"/>
  <testcase name="registerUserLogin" time="1.622" classname="com.app.testGuru.first.SortWebElements"/>
  <testcase name="verifyRegisteration" time="0.015" classname="com.app.testGuru.first.SortWebElements"/>
  <testcase name="addToWishList" time="2.413" classname="com.app.testGuru.first.SortWebElements"/>
</testsuite> <!-- Default test -->
