<?xml version="1.0" encoding="UTF-8"?>
<!-- Generated by org.testng.reporters.JUnitXMLReporter -->
<testsuite hostname="Deepaks-MacBook-Pro-3.local" name="Default test" tests="11" failures="0" timestamp="22 Aug 2016 05:48:56 GMT" time="22.483" errors="0">
  <testcase name="verifyMobileApp" time="0.098" classname="com.app.testGuru.first.SortWebElements"/>
  <testcase name="testMobilePage" time="1.835" classname="com.app.testGuru.first.SortWebElements"/>
  <testcase name="pageSortByName" time="0.369" classname="com.app.testGuru.first.SortWebElements"/>
  <testcase name="verifyItemPrice" time="1.064" classname="com.app.testGuru.first.SortWebElements"/>
  <testcase name="verifyAddCartItems" time="1.839" classname="com.app.testGuru.first.SortWebElements"/>
  <testcase name="verifyCartItems" time="1.539" classname="com.app.testGuru.first.SortWebElements"/>
  <testcase name="verifyItemsOnCart" time="2.883" classname="com.app.testGuru.first.SortWebElements"/>
  <testcase name="registerUserLogin" time="1.416" classname="com.app.testGuru.first.SortWebElements"/>
  <testcase name="verifyRegisteration" time="0.013" classname="com.app.testGuru.first.SortWebElements"/>
  <testcase name="addToWishList" time="2.325" classname="com.app.testGuru.first.SortWebElements"/>
  <testcase name="performItemCheckout" time="5.212" classname="com.app.testGuru.first.SortWebElements"/>
</testsuite> <!-- Default test -->
