<?xml version="1.0" encoding="UTF-8"?>
<!-- Generated by org.testng.reporters.JUnitXMLReporter -->
<testsuite hostname="Deepaks-MacBook-Pro-3.local" name="Test" tests="3" failures="0" timestamp="20 Aug 2016 21:40:34 GMT" time="8.222" errors="0">
  <testcase name="verifyMobileApp" time="0.101" classname="com.app.testGuru.first.SortWebElements"/>
  <testcase name="testMobilePage" time="3.136" classname="com.app.testGuru.first.SortWebElements"/>
  <testcase name="pageSortByName" time="0.384" classname="com.app.testGuru.first.SortWebElements"/>
</testsuite> <!-- Test -->
