<?xml version="1.0" encoding="UTF-8"?>
<testng-results skipped="0" failed="0" total="6" passed="6">
  <reporter-output>
  </reporter-output>
  <suite name="Default suite" duration-ms="10735" started-at="2016-08-19T03:34:28Z" finished-at="2016-08-19T03:34:39Z">
    <groups>
    </groups>
    <test name="Default test" duration-ms="10735" started-at="2016-08-19T03:34:28Z" finished-at="2016-08-19T03:34:39Z">
      <class name="com.app.testGuru.first.SortWebElements">
        <test-method status="PASS" signature="beforeTest()[pri:0, instance:com.app.testGuru.first.SortWebElements@5d5eef3d]" name="beforeTest" is-config="true" duration-ms="3929" started-at="2016-08-18T20:34:28Z" finished-at="2016-08-18T20:34:32Z">
          <reporter-output>
          </reporter-output>
        </test-method> <!-- beforeTest -->
        <test-method status="PASS" signature="verifyMobileApp()[pri:0, instance:com.app.testGuru.first.SortWebElements@5d5eef3d]" name="verifyMobileApp" duration-ms="103" started-at="2016-08-18T20:34:32Z" finished-at="2016-08-18T20:34:32Z">
          <reporter-output>
          </reporter-output>
        </test-method> <!-- verifyMobileApp -->
        <test-method status="PASS" signature="testMobilePage()[pri:1, instance:com.app.testGuru.first.SortWebElements@5d5eef3d]" name="testMobilePage" duration-ms="2251" started-at="2016-08-18T20:34:32Z" finished-at="2016-08-18T20:34:34Z">
          <reporter-output>
          </reporter-output>
        </test-method> <!-- testMobilePage -->
        <test-method status="PASS" signature="pageSortByName()[pri:2, instance:com.app.testGuru.first.SortWebElements@5d5eef3d]" name="pageSortByName" duration-ms="386" started-at="2016-08-18T20:34:34Z" finished-at="2016-08-18T20:34:35Z">
          <reporter-output>
          </reporter-output>
        </test-method> <!-- pageSortByName -->
        <test-method status="PASS" signature="registerUserLogin()[pri:7, instance:com.app.testGuru.first.SortWebElements@5d5eef3d]" name="registerUserLogin" duration-ms="1622" started-at="2016-08-18T20:34:35Z" finished-at="2016-08-18T20:34:36Z">
          <reporter-output>
          </reporter-output>
        </test-method> <!-- registerUserLogin -->
        <test-method status="PASS" signature="verifyRegisteration()[pri:8, instance:com.app.testGuru.first.SortWebElements@5d5eef3d]" name="verifyRegisteration" duration-ms="15" started-at="2016-08-18T20:34:36Z" finished-at="2016-08-18T20:34:36Z">
          <reporter-output>
          </reporter-output>
        </test-method> <!-- verifyRegisteration -->
        <test-method status="PASS" signature="addToWishList()[pri:9, instance:com.app.testGuru.first.SortWebElements@5d5eef3d]" name="addToWishList" duration-ms="2413" started-at="2016-08-18T20:34:36Z" finished-at="2016-08-18T20:34:39Z">
          <reporter-output>
          </reporter-output>
        </test-method> <!-- addToWishList -->
        <test-method status="PASS" signature="afterTest()[pri:0, instance:com.app.testGuru.first.SortWebElements@5d5eef3d]" name="afterTest" is-config="true" duration-ms="0" started-at="2016-08-18T20:34:39Z" finished-at="2016-08-18T20:34:39Z">
          <reporter-output>
          </reporter-output>
        </test-method> <!-- afterTest -->
      </class> <!-- com.app.testGuru.first.SortWebElements -->
    </test> <!-- Default test -->
  </suite> <!-- Default suite -->
</testng-results>
